<?xml version="1.0" encoding="UTF-8"?>
<!-- Generated by org.testng.reporters.JUnitReportReporter -->
<testsuite hostname="LAPTOP-CNSGLOJC" failures="0" tests="4" name="TestNG.TestNGReportsExample" time="0.004" errors="0" timestamp="2023-03-26T19:35:52 IST" skipped="0">
  <testcase classname="TestNG.TestNGReportsExample" name="testMethod4" time="0.001"/>
  <system-out>
    <![CDATA[Test Method 4passed...]]>
  </system-out>
  <testcase classname="TestNG.TestNGReportsExample" name="testMethod1" time="0.001"/>
  <system-out>
    <![CDATA[Test Method1 passed...]]>
  </system-out>
  <testcase classname="TestNG.TestNGReportsExample" name="testMethod2" time="0.001"/>
  <system-out>
    <![CDATA[Test Method2 passed...]]>
  </system-out>
  <testcase classname="TestNG.TestNGReportsExample" name="testMethod3" time="0.001"/>
  <system-out>
    <![CDATA[Test Method3 passed...]]>
  </system-out>
</testsuite> <!-- TestNG.TestNGReportsExample -->
