<?xml version="1.0" encoding="UTF-8"?>
<!-- Generated by org.testng.reporters.JUnitReportReporter -->
<testsuite hostname="LAPTOP-CNSGLOJC" failures="0" tests="4" name="TestNG.InvocationCountDemo" time="0.015" errors="0" timestamp="2023-03-24T10:40:53 IST" skipped="0">
  <testcase classname="TestNG.InvocationCountDemo" name="testMethod1" time="0.002"/>
  <system-out/>
  <testcase classname="TestNG.InvocationCountDemo" name="testMethod2" time="0.002"/>
  <system-out/>
  <testcase classname="TestNG.InvocationCountDemo" name="testMethod1" time="0.001"/>
  <system-out/>
  <testcase classname="TestNG.InvocationCountDemo" name="testMethod1" time="0.010"/>
  <system-out/>
</testsuite> <!-- TestNG.InvocationCountDemo -->
