<?xml version="1.0" encoding="UTF-8"?>
<!-- Generated by org.testng.reporters.JUnitReportReporter -->
<testsuite hostname="LAPTOP-CNSGLOJC" failures="0" tests="1" name="TestNG.AutomobileClass" time="0.001" errors="0" timestamp="2023-03-22T13:14:04 IST" skipped="0">
  <testcase classname="TestNG.AutomobileClass" name="Testcase1" time="0.001"/>
  <system-out/>
</testsuite> <!-- TestNG.AutomobileClass -->
