<?xml version="1.0" encoding="UTF-8"?>
<!-- Generated by org.testng.reporters.JUnitReportReporter -->
<testsuite hostname="LAPTOP-CNSGLOJC" failures="0" tests="2" name="TestNG.TestCase1" time="0.013" errors="0" timestamp="2023-03-21T11:22:37 IST" skipped="0">
  <testcase classname="TestNG.TestCase1" name="test1" time="0.010"/>
  <system-out/>
  <testcase classname="TestNG.TestCase1" name="test2" time="0.003"/>
  <system-out/>
</testsuite> <!-- TestNG.TestCase1 -->
