<?xml version="1.0" encoding="UTF-8"?>
<!-- Generated by org.testng.reporters.JUnitReportReporter -->
<testsuite hostname="LAPTOP-CNSGLOJC" failures="0" tests="2" name="TestNG.TestingParameterGoogleSearch" time="22.473" errors="0" timestamp="2023-03-22T13:41:40 IST" skipped="0">
  <testcase classname="TestNG.TestingParameterGoogleSearch" name="googleSearch" time="8.828"/>
  <system-out/>
  <testcase classname="TestNG.TestingParameterGoogleSearch" name="googleSearch" time="13.645"/>
  <system-out/>
</testsuite> <!-- TestNG.TestingParameterGoogleSearch -->
