<?xml version="1.0" encoding="UTF-8"?>
<!-- Generated by org.testng.reporters.JUnitReportReporter -->
<testsuite hostname="LAPTOP-CNSGLOJC" failures="0" tests="4" name="batchTesting.LoginTest" time="0.004" errors="0" timestamp="2023-03-27T11:09:27 IST" skipped="0">
  <testcase classname="batchTesting.LoginTest" name="loginByEmail" time="0.001"/>
  <system-out/>
  <testcase classname="batchTesting.LoginTest" name="loginByMobileNumber" time="0.001"/>
  <system-out/>
  <testcase classname="batchTesting.LoginTest" name="loginByEmail" time="0.001"/>
  <system-out/>
  <testcase classname="batchTesting.LoginTest" name="loginByMobileNumber" time="0.001"/>
  <system-out/>
</testsuite> <!-- batchTesting.LoginTest -->
