<?xml version="1.0" encoding="UTF-8"?>
<!-- Generated by org.testng.reporters.JUnitReportReporter -->
<testsuite hostname="LAPTOP-CNSGLOJC" failures="0" tests="1" name="TestNG.SoftwareCompany" time="0.010" errors="0" timestamp="2023-03-22T13:14:04 IST" skipped="0">
  <testcase classname="TestNG.SoftwareCompany" name="Testcase1" time="0.010"/>
  <system-out/>
</testsuite> <!-- TestNG.SoftwareCompany -->
