<?xml version="1.0" encoding="UTF-8"?>
<!-- Generated by org.testng.reporters.JUnitReportReporter -->
<testsuite hostname="LAPTOP-CNSGLOJC" failures="0" tests="3" name="TestNG.DataProviderDemo" time="99.172" errors="0" timestamp="2023-03-23T13:50:17 IST" skipped="0">
  <testcase classname="TestNG.DataProviderDemo" name="testGoogleSearch" time="29.722"/>
  <system-out/>
  <testcase classname="TestNG.DataProviderDemo" name="testGoogleSearch" time="35.956"/>
  <system-out/>
  <testcase classname="TestNG.DataProviderDemo" name="testGoogleSearch" time="33.494"/>
  <system-out/>
</testsuite> <!-- TestNG.DataProviderDemo -->
