<?xml version="1.0" encoding="UTF-8"?>
<!-- Generated by org.testng.reporters.JUnitReportReporter -->
<testsuite hostname="LAPTOP-CNSGLOJC" failures="0" tests="4" name="batchTesting.PaymentTest" time="0.003" errors="0" timestamp="2023-03-27T11:09:27 IST" skipped="0">
  <testcase classname="batchTesting.PaymentTest" name="cashOnDelivery" time="0.001"/>
  <system-out/>
  <testcase classname="batchTesting.PaymentTest" name="cashOnDelivery" time="0.001"/>
  <system-out/>
  <testcase classname="batchTesting.PaymentTest" name="netBanking" time="0.000"/>
  <system-out/>
  <testcase classname="batchTesting.PaymentTest" name="netBanking" time="0.001"/>
  <system-out/>
</testsuite> <!-- batchTesting.PaymentTest -->
