<?xml version="1.0" encoding="UTF-8"?>
<!-- Generated by org.testng.reporters.JUnitReportReporter -->
<testsuite hostname="LAPTOP-CNSGLOJC" failures="0" tests="6" name="batchTesting.HomeScreenTest" time="0.015" errors="0" timestamp="2023-03-27T11:09:27 IST" skipped="0">
  <testcase classname="batchTesting.HomeScreenTest" name="launchApplication" time="0.009"/>
  <system-out/>
  <testcase classname="batchTesting.HomeScreenTest" name="launchApplication" time="0.002"/>
  <system-out/>
  <testcase classname="batchTesting.HomeScreenTest" name="verifyTitle" time="0.001"/>
  <system-out/>
  <testcase classname="batchTesting.HomeScreenTest" name="verifyTitle" time="0.001"/>
  <system-out/>
  <testcase classname="batchTesting.HomeScreenTest" name="verifyLogo" time="0.001"/>
  <system-out/>
  <testcase classname="batchTesting.HomeScreenTest" name="verifyLogo" time="0.001"/>
  <system-out/>
</testsuite> <!-- batchTesting.HomeScreenTest -->
