<?xml version="1.0" encoding="UTF-8"?>
<!-- Generated by org.testng.reporters.JUnitReportReporter -->
<testsuite hostname="LAPTOP-CNSGLOJC" failures="0" tests="1" name="TestNG.ParallelTestDemo2" time="8.451" errors="0" timestamp="2023-03-23T18:41:58 IST" skipped="0">
  <testcase classname="TestNG.ParallelTestDemo2" name="verifyTitle" time="8.451"/>
  <system-out/>
</testsuite> <!-- TestNG.ParallelTestDemo2 -->
