<?xml version="1.0" encoding="UTF-8"?>
<!-- Generated by org.testng.reporters.JUnitReportReporter -->
<testsuite hostname="LAPTOP-CNSGLOJC" failures="0" tests="2" name="TestNG.ParallelTestDemo1" time="9.367" errors="0" timestamp="2023-03-23T18:41:58 IST" skipped="0">
  <testcase classname="TestNG.ParallelTestDemo1" name="verifyLogo" time="7.120"/>
  <system-out/>
  <testcase classname="TestNG.ParallelTestDemo1" name="verifyTitle" time="2.247"/>
  <system-out/>
</testsuite> <!-- TestNG.ParallelTestDemo1 -->
