<?xml version="1.0" encoding="UTF-8"?>
<!-- Generated by org.testng.reporters.JUnitReportReporter -->
<testsuite hostname="LAPTOP-CNSGLOJC" failures="0" tests="2" name="TestNG.GroupAttribute" time="0.014" errors="0" timestamp="2023-03-21T11:50:03 IST" skipped="0">
  <testcase classname="TestNG.GroupAttribute" name="maruti" time="0.013"/>
  <system-out/>
  <testcase classname="TestNG.GroupAttribute" name="tata" time="0.001"/>
  <system-out/>
</testsuite> <!-- TestNG.GroupAttribute -->
