<?xml version="1.0" encoding="UTF-8"?>
<!-- Generated by org.testng.reporters.JUnitReportReporter -->
<testsuite hostname="LAPTOP-CNSGLOJC" failures="0" tests="2" name="dataDrivenTestingDemo.DataProviderWithExcel" time="24.535" errors="0" timestamp="2023-03-26T14:00:05 IST" skipped="0">
  <testcase classname="dataDrivenTestingDemo.DataProviderWithExcel" name="searchKeyword" time="7.874"/>
  <system-out/>
  <testcase classname="dataDrivenTestingDemo.DataProviderWithExcel" name="searchKeyword" time="16.661"/>
  <system-out/>
</testsuite> <!-- dataDrivenTestingDemo.DataProviderWithExcel -->
