<?xml version="1.0" encoding="UTF-8"?>
<!-- Generated by org.testng.reporters.JUnitReportReporter -->
<testsuite hostname="LAPTOP-CNSGLOJC" failures="0" tests="2" name="TestNG.LoanDepartment" time="0.015" errors="0" timestamp="2023-03-21T11:11:26 IST" skipped="0">
  <testcase classname="TestNG.LoanDepartment" name="mobileLoginPersonalLoan" time="0.002"/>
  <system-out/>
  <testcase classname="TestNG.LoanDepartment" name="mobileLoginAutomobileLoan" time="0.013"/>
  <system-out/>
</testsuite> <!-- TestNG.LoanDepartment -->
