<?xml version="1.0" encoding="UTF-8"?>
<!-- Generated by org.testng.reporters.JUnitReportReporter -->
<testsuite hostname="LAPTOP-CNSGLOJC" failures="0" tests="6" name="batchTesting.ProductPageTest" time="0.005" errors="0" timestamp="2023-03-27T11:09:27 IST" skipped="0">
  <testcase classname="batchTesting.ProductPageTest" name="AddProductToWishlist" time="0.001"/>
  <system-out/>
  <testcase classname="batchTesting.ProductPageTest" name="SelectQuantity" time="0.001"/>
  <system-out/>
  <testcase classname="batchTesting.ProductPageTest" name="AddProductToCart" time="0.001"/>
  <system-out/>
  <testcase classname="batchTesting.ProductPageTest" name="SelectQuantity" time="0.000"/>
  <system-out/>
  <testcase classname="batchTesting.ProductPageTest" name="AddProductToCart" time="0.001"/>
  <system-out/>
  <testcase classname="batchTesting.ProductPageTest" name="AddProductToWishlist" time="0.001"/>
  <system-out/>
</testsuite> <!-- batchTesting.ProductPageTest -->
