<?xml version="1.0" encoding="UTF-8"?>
<!-- Generated by org.testng.reporters.JUnitReportReporter -->
<testsuite hostname="LAPTOP-CNSGLOJC" failures="0" tests="1" name="TestNG.TestNGReportEx2" time="11.021" errors="0" timestamp="2023-03-26T19:35:52 IST" skipped="0">
  <testcase classname="TestNG.TestNGReportEx2" name="googleSearch" time="11.021"/>
  <system-out>
    <![CDATA[chrome browser opened...
google url opened...
WebElement located...
India Gate keyword entered...
Enter key pressed...]]>
  </system-out>
</testsuite> <!-- TestNG.TestNGReportEx2 -->
