<?xml version="1.0" encoding="UTF-8"?>
<!-- Generated by org.testng.reporters.JUnitReportReporter -->
<testsuite hostname="LAPTOP-CNSGLOJC" failures="0" tests="1" name="TestNG.TestNGDemo" time="6.245" errors="0" timestamp="2023-03-21T10:51:40 IST" skipped="0">
  <testcase classname="TestNG.TestNGDemo" name="verifyTitle" time="6.245"/>
  <system-out/>
</testsuite> <!-- TestNG.TestNGDemo -->
