<?xml version="1.0" encoding="UTF-8"?>
<!-- Generated by org.testng.reporters.JUnitReportReporter -->
<testsuite hostname="LAPTOP-CNSGLOJC" failures="0" tests="3" name="TestNG.TestNGParameterDemo" time="0.014" errors="0" timestamp="2023-03-22T12:57:51 IST" skipped="0">
  <testcase classname="TestNG.TestNGParameterDemo" name="subtraction" time="0.001"/>
  <system-out/>
  <testcase classname="TestNG.TestNGParameterDemo" name="multiplication" time="0.001"/>
  <system-out/>
  <testcase classname="TestNG.TestNGParameterDemo" name="addition" time="0.012"/>
  <system-out/>
</testsuite> <!-- TestNG.TestNGParameterDemo -->
