<?xml version="1.0" encoding="UTF-8"?>
<!-- Generated by org.testng.reporters.JUnitReportReporter -->
<testsuite hostname="LAPTOP-CNSGLOJC" failures="0" tests="3" name="Test.zerodhaLoginPageTest" time="51.033" errors="0" timestamp="2022-06-22T18:35:18 IST" skipped="0">
  <testcase classname="Test.zerodhaLoginPageTest" name="loginWithValidCredentialsTest" time="12.676"/>
  <system-out/>
  <testcase classname="Test.zerodhaLoginPageTest" name="forgotPasswordLinkTest" time="24.962"/>
  <system-out/>
  <testcase classname="Test.zerodhaLoginPageTest" name="signUpLinkTest" time="13.395"/>
  <system-out/>
</testsuite> <!-- Test.zerodhaLoginPageTest -->
