<?xml version="1.0" encoding="UTF-8"?>
<!-- Generated by org.testng.reporters.JUnitReportReporter -->
<testsuite hostname="LAPTOP-CNSGLOJC" failures="0" tests="1" name="Test.zerodhaPinPageTest" time="13.566" errors="0" timestamp="2022-06-27T18:16:17 IST" skipped="0">
  <testcase classname="Test.zerodhaPinPageTest" name="loginToZerodhaWithPinTest" time="13.566"/>
  <system-out/>
</testsuite> <!-- Test.zerodhaPinPageTest -->
