<?xml version="1.0" encoding="UTF-8"?>
<!-- Generated by org.testng.reporters.JUnitReportReporter -->
<testsuite hostname="LAPTOP-CNSGLOJC" failures="0" tests="6" name="Test.zerodhaLoginSampleTest" time="0.016" errors="0" timestamp="2022-06-22T18:35:18 IST" skipped="1">
  <testcase classname="Test.zerodhaLoginSampleTest" name="testb" time="0.000"/>
  <system-out/>
  <testcase classname="Test.zerodhaLoginSampleTest" name="testb" time="0.000"/>
  <system-out/>
  <testcase classname="Test.zerodhaLoginSampleTest" name="testb" time="0.000"/>
  <system-out/>
  <testcase classname="Test.zerodhaLoginSampleTest" name="testd" time="0.008"/>
  <system-out/>
  <testcase classname="Test.zerodhaLoginSampleTest" name="testa" time="0.008"/>
  <system-out/>
  <testcase classname="Test.zerodhaLoginSampleTest" name="testc">
    <skipped/>
  </testcase> <!-- testc -->
  <system-out/>
</testsuite> <!-- Test.zerodhaLoginSampleTest -->
